3402  INFO  org.pircbotx.PircBotX - Connected to server.
3416  INFO  org.pircbotx.output.OutputRaw - CAP LS
3417  INFO  org.pircbotx.output.OutputRaw - NICK rcbot
3417  INFO  org.pircbotx.output.OutputRaw - USER chaosbot 8 * :PircBotX 2.0.1, a fork of PircBot, the Java IRC bot - pircbotx.googlecode.com
3444  INFO  org.pircbotx.InputParser - :dickson.freenode.net NOTICE * :*** Looking up your hostname...
3499  INFO  org.pircbotx.InputParser - :dickson.freenode.net NOTICE * :*** Checking Ident
3572  INFO  org.pircbotx.InputParser - :dickson.freenode.net NOTICE * :*** Found your hostname
13443 INFO  org.pircbotx.InputParser - :dickson.freenode.net NOTICE * :*** No Ident response
13519 INFO  org.pircbotx.InputParser - :dickson.freenode.net CAP * LS :account-notify extended-join identify-msg multi-prefix sasl
13519 INFO  org.pircbotx.output.OutputRaw - CAP REQ :multi-prefix
13565 INFO  org.pircbotx.InputParser - :dickson.freenode.net CAP rcbot ACK :multi-prefix 
13566 INFO  org.pircbotx.output.OutputRaw - CAP END
13609 INFO  org.pircbotx.InputParser - :dickson.freenode.net 001 rcbot :Welcome to the freenode Internet Relay Chat Network rcbot
14568 INFO  org.pircbotx.output.OutputRaw - NICKSERV IDENTIFY neo59431
15570 INFO  org.pircbotx.output.OutputRaw - JOIN #stooptest 
15572 INFO  org.pircbotx.InputParser - :dickson.freenode.net 002 rcbot :Your host is dickson.freenode.net[208.80.155.68/6667], running version ircd-seven-1.1.3
15572 INFO  org.pircbotx.InputParser - :dickson.freenode.net 003 rcbot :This server was created Mon Sep 23 2013 at 12:51:42 PDT
15575 INFO  org.pircbotx.InputParser - :dickson.freenode.net 004 rcbot dickson.freenode.net ircd-seven-1.1.3 DOQRSZaghilopswz CFILMPQSbcefgijklmnopqrstvz bkloveqjfI
15576 INFO  org.pircbotx.InputParser - :dickson.freenode.net 005 rcbot CHANTYPES=# EXCEPTS INVEX CHANMODES=eIbq,k,flj,CFLMPQScgimnprstz CHANLIMIT=#:120 PREFIX=(ov)@+ MAXLIST=bqeI:100 MODES=4 NETWORK=freenode KNOCK STATUSMSG=@+ CALLERID=g :are supported by this server
15577 INFO  org.pircbotx.InputParser - :dickson.freenode.net 005 rcbot CASEMAPPING=rfc1459 CHARSET=ascii NICKLEN=16 CHANNELLEN=50 TOPICLEN=390 ETRACE CPRIVMSG CNOTICE DEAF=D MONITOR=100 FNC TARGMAX=NAMES:1,LIST:1,KICK:1,WHOIS:1,PRIVMSG:4,NOTICE:4,ACCEPT:,MONITOR: :are supported by this server
15582 INFO  org.pircbotx.InputParser - :dickson.freenode.net 005 rcbot EXTBAN=$,ajrxz WHOX CLIENTVER=3.0 SAFELIST ELIST=CTU :are supported by this server
15583 INFO  org.pircbotx.InputParser - :dickson.freenode.net 251 rcbot :There are 170 users and 85394 invisible on 28 servers
15584 INFO  org.pircbotx.InputParser - :dickson.freenode.net 252 rcbot 28 :IRC Operators online
15587 INFO  org.pircbotx.InputParser - :dickson.freenode.net 253 rcbot 15 :unknown connection(s)
15589 INFO  org.pircbotx.InputParser - :dickson.freenode.net 254 rcbot 52483 :channels formed
15590 INFO  org.pircbotx.InputParser - :dickson.freenode.net 255 rcbot :I have 9161 clients and 7 servers
15591 INFO  org.pircbotx.InputParser - :dickson.freenode.net 265 rcbot 9161 12000 :Current local users 9161, max 12000
15592 INFO  org.pircbotx.InputParser - :dickson.freenode.net 266 rcbot 85564 101695 :Current global users 85564, max 101695
15593 INFO  org.pircbotx.InputParser - :dickson.freenode.net 250 rcbot :Highest connection count: 12001 (12000 clients) (1680042 connections received)
15594 INFO  org.pircbotx.InputParser - :dickson.freenode.net 375 rcbot :- dickson.freenode.net Message of the Day - 
15595 INFO  org.pircbotx.InputParser - :dickson.freenode.net 372 rcbot :- Welcome to dickson.freenode.net in Virginia, USA! Thank
15598 INFO  org.pircbotx.InputParser - :dickson.freenode.net 372 rcbot :- you to WMF for sponsoring this server!
15602 INFO  org.pircbotx.InputParser - :dickson.freenode.net 372 rcbot :-  
15607 INFO  org.pircbotx.InputParser - :dickson.freenode.net 372 rcbot :- Gordon Rupert Dickson (November 1, 1923 – January 31, 2001)
15608 INFO  org.pircbotx.InputParser - :dickson.freenode.net 372 rcbot :- was a Canadian-American science fiction writer. He was
15609 INFO  org.pircbotx.InputParser - :dickson.freenode.net 372 rcbot :- inducted by the Science Fiction and Fantasy Hall of Fame in
15610 INFO  org.pircbotx.InputParser - :dickson.freenode.net 372 rcbot :- 2000.
15612 INFO  org.pircbotx.InputParser - :dickson.freenode.net 372 rcbot :-  
15613 INFO  org.pircbotx.InputParser - :dickson.freenode.net 372 rcbot :- Welcome to freenode - supporting the free and open source
15614 INFO  org.pircbotx.InputParser - :dickson.freenode.net 372 rcbot :- software communities since 1998.
15616 INFO  org.pircbotx.InputParser - :dickson.freenode.net 372 rcbot :-  
15617 INFO  org.pircbotx.InputParser - :dickson.freenode.net 372 rcbot :- By connecting to freenode you indicate that you have read and
15618 INFO  org.pircbotx.InputParser - :dickson.freenode.net 372 rcbot :- accept our policies as set out on http://www.freenode.net
15619 INFO  org.pircbotx.InputParser - :dickson.freenode.net 372 rcbot :- freenode runs an open proxy scanner. Please join #freenode for
15619 INFO  org.pircbotx.InputParser - :dickson.freenode.net 372 rcbot :- any network-related questions or queries, where a number of
15620 INFO  org.pircbotx.InputParser - :dickson.freenode.net 372 rcbot :- volunteer staff and helpful users will be happy to assist you.
15621 INFO  org.pircbotx.InputParser - :dickson.freenode.net 372 rcbot :-  
15621 INFO  org.pircbotx.InputParser - :dickson.freenode.net 372 rcbot :- You can meet us at FOSSCON (http://www.fosscon.org) where we get
15625 INFO  org.pircbotx.InputParser - :dickson.freenode.net 372 rcbot :- together with like-minded FOSS enthusiasts for talks and
15626 INFO  org.pircbotx.InputParser - :dickson.freenode.net 372 rcbot :- real-life collaboration.
15627 INFO  org.pircbotx.InputParser - :dickson.freenode.net 372 rcbot :-  
15628 INFO  org.pircbotx.InputParser - :dickson.freenode.net 372 rcbot :- We would like to thank Private Internet Access
15629 INFO  org.pircbotx.InputParser - :dickson.freenode.net 372 rcbot :- (https://www.privateinternetaccess.com/) and the other
15629 INFO  org.pircbotx.InputParser - :dickson.freenode.net 372 rcbot :- organisations that help keep freenode and our other projects
15630 INFO  org.pircbotx.InputParser - :dickson.freenode.net 372 rcbot :- running for their sustained support.
15631 INFO  org.pircbotx.InputParser - :dickson.freenode.net 372 rcbot :-  
15633 INFO  org.pircbotx.InputParser - :dickson.freenode.net 372 rcbot :- In particular we would like to thank the sponsor
15641 INFO  org.pircbotx.InputParser - :dickson.freenode.net 372 rcbot :- of this server, details of which can be found above.
15641 INFO  org.pircbotx.InputParser - :dickson.freenode.net 372 rcbot :-  
15642 INFO  org.pircbotx.InputParser - :dickson.freenode.net 372 rcbot :- ***************************************************************
15642 INFO  org.pircbotx.InputParser - :dickson.freenode.net 372 rcbot :- Please read http://blog.freenode.net/2010/11/be-safe-out-there/
15643 INFO  org.pircbotx.InputParser - :dickson.freenode.net 372 rcbot :- ***************************************************************
15643 INFO  org.pircbotx.InputParser - :dickson.freenode.net 376 rcbot :End of /MOTD command.
15644 INFO  org.pircbotx.InputParser - :rcbot MODE rcbot :+i
15645 INFO  org.pircbotx.InputParser - :NickServ!NickServ@services. NOTICE rcbot :This nickname is registered. Please choose a different nickname, or identify via /msg NickServ identify <password>.
19672 INFO  org.pircbotx.InputParser - :rcbot!~chaosbot@68-184-207-14.dhcp.stls.mo.charter.com JOIN #stooptest
19680 INFO  org.pircbotx.output.OutputRaw - WHO #stooptest
